{
  "RSpec": {
    "coverage": {
      "/Users/luisarroyo/m2/projects/relational_rails/movies_songs/spec/spec_helper.rb": {
        "lines": [
          null,
          null,
          null,
          null,
          null,
          null,
          null,
          null,
          null,
          null,
          null,
          null,
          null,
          null,
          null,
          1,
          null,
          null,
          null,
          1,
          null,
          null,
          null,
          null,
          null,
          null,
          null,
          1,
          null,
          null,
          null,
          null,
          1,
          null,
          null,
          null,
          1,
          null,
          null,
          null,
          null,
          null,
          null,
          null,
          1,
          null,
          null,
          null,
          null,
          null,
          null,
          null,
          null,
          null,
          null,
          null,
          null,
          null,
          null,
          null,
          null,
          null,
          null,
          null,
          null,
          null,
          null,
          null,
          null,
          null,
          null,
          null,
          null,
          null,
          null,
          null,
          null,
          null,
          null,
          null,
          null,
          null,
          null,
          null,
          null,
          null,
          null,
          null,
          null,
          null,
          null,
          null,
          null,
          null,
          null,
          null
        ]
      },
      "/Users/luisarroyo/m2/projects/relational_rails/movies_songs/config/environment.rb": {
        "lines": [
          null,
          1,
          null,
          null,
          1
        ]
      },
      "/Users/luisarroyo/m2/projects/relational_rails/movies_songs/config/application.rb": {
        "lines": [
          1,
          null,
          1,
          null,
          1,
          1,
          1,
          1,
          1,
          1,
          1,
          1,
          1,
          null,
          null,
          null,
          null,
          1,
          null,
          1,
          1,
          null,
          1,
          null,
          null,
          null,
          null,
          null,
          null,
          null,
          1,
          null,
          null
        ]
      },
      "/Users/luisarroyo/m2/projects/relational_rails/movies_songs/config/boot.rb": {
        "lines": [
          1,
          null,
          1,
          1
        ]
      },
      "/Users/luisarroyo/m2/projects/relational_rails/movies_songs/config/environments/test.rb": {
        "lines": [
          1,
          null,
          null,
          null,
          null,
          null,
          null,
          1,
          null,
          null,
          null,
          null,
          1,
          null,
          null,
          1,
          1,
          null,
          null,
          null,
          null,
          1,
          1,
          null,
          null,
          1,
          null,
          null,
          1,
          null,
          null,
          1,
          null,
          1,
          null,
          null,
          null,
          null,
          1,
          null,
          null,
          1,
          null,
          null,
          null,
          null
        ]
      },
      "/Users/luisarroyo/m2/projects/relational_rails/movies_songs/config/initializers/application_controller_renderer.rb": {
        "lines": [
          null,
          null,
          null,
          null,
          null,
          null,
          null,
          null
        ]
      },
      "/Users/luisarroyo/m2/projects/relational_rails/movies_songs/config/initializers/assets.rb": {
        "lines": [
          null,
          null,
          null,
          1,
          null,
          null,
          null,
          null,
          1,
          null,
          null,
          null,
          null,
          null
        ]
      },
      "/Users/luisarroyo/m2/projects/relational_rails/movies_songs/config/initializers/backtrace_silencers.rb": {
        "lines": [
          null,
          null,
          null,
          null,
          null,
          null,
          null
        ]
      },
      "/Users/luisarroyo/m2/projects/relational_rails/movies_songs/config/initializers/content_security_policy.rb": {
        "lines": [
          null,
          null,
          null,
          null,
          null,
          null,
          null,
          null,
          null,
          null,
          null,
          null,
          null,
          null,
          null,
          null,
          null,
          null,
          null,
          null,
          null,
          null,
          null,
          null,
          null
        ]
      },
      "/Users/luisarroyo/m2/projects/relational_rails/movies_songs/config/initializers/cookies_serializer.rb": {
        "lines": [
          null,
          null,
          null,
          null,
          1
        ]
      },
      "/Users/luisarroyo/m2/projects/relational_rails/movies_songs/config/initializers/filter_parameter_logging.rb": {
        "lines": [
          null,
          null,
          null,
          1
        ]
      },
      "/Users/luisarroyo/m2/projects/relational_rails/movies_songs/config/initializers/inflections.rb": {
        "lines": [
          null,
          null,
          null,
          null,
          null,
          null,
          null,
          null,
          null,
          null,
          null,
          null,
          null,
          null,
          null,
          null
        ]
      },
      "/Users/luisarroyo/m2/projects/relational_rails/movies_songs/config/initializers/mime_types.rb": {
        "lines": [
          null,
          null,
          null,
          null
        ]
      },
      "/Users/luisarroyo/m2/projects/relational_rails/movies_songs/config/initializers/wrap_parameters.rb": {
        "lines": [
          null,
          null,
          null,
          null,
          null,
          null,
          1,
          2,
          null,
          null,
          null,
          null,
          null,
          null
        ]
      },
      "/Users/luisarroyo/m2/projects/relational_rails/movies_songs/spec/factories/actor.rb": {
        "lines": [
          1,
          1,
          8,
          8,
          8,
          null,
          null
        ]
      },
      "/Users/luisarroyo/m2/projects/relational_rails/movies_songs/app/models/actor.rb": {
        "lines": [
          1,
          1,
          null
        ]
      },
      "/Users/luisarroyo/m2/projects/relational_rails/movies_songs/app/models/application_record.rb": {
        "lines": [
          1,
          1,
          null
        ]
      },
      "/Users/luisarroyo/m2/projects/relational_rails/movies_songs/spec/factories/artist.rb": {
        "lines": [
          1,
          1,
          8,
          8,
          8,
          null,
          null,
          null
        ]
      },
      "/Users/luisarroyo/m2/projects/relational_rails/movies_songs/app/models/artist.rb": {
        "lines": [
          1,
          1,
          null
        ]
      },
      "/Users/luisarroyo/m2/projects/relational_rails/movies_songs/spec/factories/movie.rb": {
        "lines": [
          1,
          1,
          4,
          4,
          4,
          1,
          null,
          null
        ]
      },
      "/Users/luisarroyo/m2/projects/relational_rails/movies_songs/spec/factories/song.rb": {
        "lines": [
          1,
          1,
          4,
          4,
          4,
          1,
          null,
          null
        ]
      },
      "/Users/luisarroyo/m2/projects/relational_rails/movies_songs/app/models/song.rb": {
        "lines": [
          1,
          1,
          null
        ]
      },
      "/Users/luisarroyo/m2/projects/relational_rails/movies_songs/config/routes.rb": {
        "lines": [
          1,
          null,
          1,
          null,
          1,
          1,
          1,
          1,
          1,
          1,
          null,
          null
        ]
      },
      "/Users/luisarroyo/m2/projects/relational_rails/movies_songs/app/helpers/application_helper.rb": {
        "lines": [
          1,
          null
        ]
      },
      "/Users/luisarroyo/m2/projects/relational_rails/movies_songs/app/helpers/artists_songs_helper.rb": {
        "lines": [
          1,
          null
        ]
      },
      "/Users/luisarroyo/m2/projects/relational_rails/movies_songs/app/helpers/home_helper.rb": {
        "lines": [
          1,
          null
        ]
      },
      "/Users/luisarroyo/m2/projects/relational_rails/movies_songs/spec/features/artists/index_spec.rb": {
        "lines": [
          1,
          null,
          1,
          1,
          null,
          1,
          1,
          1,
          null,
          1,
          null,
          1,
          null,
          1,
          1,
          1,
          null,
          null,
          1,
          1,
          null,
          1,
          1,
          1,
          1,
          null,
          null,
          null
        ]
      },
      "/Users/luisarroyo/m2/projects/relational_rails/movies_songs/spec/features/movies/index_spec.rb": {
        "lines": [
          1,
          null,
          1,
          1,
          null,
          1,
          1,
          1,
          null,
          1,
          null,
          1,
          null,
          1,
          1,
          1,
          null,
          null
        ]
      },
      "/Users/luisarroyo/m2/projects/relational_rails/movies_songs/spec/features/songs/index_spec.rb": {
        "lines": [
          1,
          null,
          1,
          1,
          1,
          1,
          1,
          null,
          1,
          null,
          1,
          null,
          1,
          1,
          1,
          null,
          null
        ]
      },
      "/Users/luisarroyo/m2/projects/relational_rails/movies_songs/app/controllers/actors_controller.rb": {
        "lines": [
          1,
          null,
          1,
          1,
          null,
          null,
          1,
          1,
          null,
          null
        ]
      },
      "/Users/luisarroyo/m2/projects/relational_rails/movies_songs/app/controllers/application_controller.rb": {
        "lines": [
          1,
          null
        ]
      },
      "/Users/luisarroyo/m2/projects/relational_rails/movies_songs/app/controllers/artists_controller.rb": {
        "lines": [
          1,
          null,
          1,
          1,
          null,
          null,
          1,
          1,
          null,
          null
        ]
      },
      "/Users/luisarroyo/m2/projects/relational_rails/movies_songs/app/models/movie.rb": {
        "lines": [
          1,
          null,
          1,
          null,
          null,
          null,
          1,
          null
        ]
      },
      "/Users/luisarroyo/m2/projects/relational_rails/movies_songs/app/controllers/movies_controller.rb": {
        "lines": [
          1,
          null,
          1,
          1,
          null,
          null
        ]
      },
      "/Users/luisarroyo/m2/projects/relational_rails/movies_songs/app/controllers/songs_controller.rb": {
        "lines": [
          1,
          1,
          1,
          null,
          null
        ]
      }
    },
    "timestamp": 1630103694
  }
}
