{
  "RSpec": {
    "coverage": {
      "/Users/matthewholmes/turing/mod_2/projects/relational_rails/config/environment.rb": {
        "lines": [
          null,
          1,
          null,
          null,
          1
        ]
      },
      "/Users/matthewholmes/turing/mod_2/projects/relational_rails/config/application.rb": {
        "lines": [
          1,
          null,
          1,
          null,
          1,
          1,
          1,
          1,
          1,
          1,
          1,
          1,
          1,
          null,
          null,
          null,
          null,
          1,
          null,
          1,
          1,
          null,
          1,
          null,
          null,
          null,
          null,
          null,
          null,
          null,
          1,
          null,
          null
        ]
      },
      "/Users/matthewholmes/turing/mod_2/projects/relational_rails/config/boot.rb": {
        "lines": [
          1,
          null,
          1,
          1
        ]
      },
      "/Users/matthewholmes/turing/mod_2/projects/relational_rails/config/environments/test.rb": {
        "lines": [
          1,
          null,
          null,
          null,
          null,
          null,
          null,
          1,
          null,
          null,
          null,
          null,
          1,
          null,
          null,
          1,
          1,
          null,
          null,
          null,
          null,
          1,
          1,
          null,
          null,
          1,
          null,
          null,
          1,
          null,
          null,
          1,
          null,
          1,
          null,
          null,
          null,
          null,
          1,
          null,
          null,
          1,
          null,
          null,
          null,
          null
        ]
      },
      "/Users/matthewholmes/turing/mod_2/projects/relational_rails/config/initializers/application_controller_renderer.rb": {
        "lines": [
          null,
          null,
          null,
          null,
          null,
          null,
          null,
          null
        ]
      },
      "/Users/matthewholmes/turing/mod_2/projects/relational_rails/config/initializers/assets.rb": {
        "lines": [
          null,
          null,
          null,
          1,
          null,
          null,
          null,
          null,
          1,
          null,
          null,
          null,
          null,
          null
        ]
      },
      "/Users/matthewholmes/turing/mod_2/projects/relational_rails/config/initializers/backtrace_silencers.rb": {
        "lines": [
          null,
          null,
          null,
          null,
          null,
          null,
          null
        ]
      },
      "/Users/matthewholmes/turing/mod_2/projects/relational_rails/config/initializers/content_security_policy.rb": {
        "lines": [
          null,
          null,
          null,
          null,
          null,
          null,
          null,
          null,
          null,
          null,
          null,
          null,
          null,
          null,
          null,
          null,
          null,
          null,
          null,
          null,
          null,
          null,
          null,
          null,
          null
        ]
      },
      "/Users/matthewholmes/turing/mod_2/projects/relational_rails/config/initializers/cookies_serializer.rb": {
        "lines": [
          null,
          null,
          null,
          null,
          1
        ]
      },
      "/Users/matthewholmes/turing/mod_2/projects/relational_rails/config/initializers/filter_parameter_logging.rb": {
        "lines": [
          null,
          null,
          null,
          1
        ]
      },
      "/Users/matthewholmes/turing/mod_2/projects/relational_rails/config/initializers/inflections.rb": {
        "lines": [
          null,
          null,
          null,
          null,
          null,
          null,
          null,
          null,
          null,
          null,
          null,
          null,
          null,
          null,
          null,
          null
        ]
      },
      "/Users/matthewholmes/turing/mod_2/projects/relational_rails/config/initializers/mime_types.rb": {
        "lines": [
          null,
          null,
          null,
          null
        ]
      },
      "/Users/matthewholmes/turing/mod_2/projects/relational_rails/config/initializers/wrap_parameters.rb": {
        "lines": [
          null,
          null,
          null,
          null,
          null,
          null,
          1,
          2,
          null,
          null,
          null,
          null,
          null,
          null
        ]
      },
      "/Users/matthewholmes/turing/mod_2/projects/relational_rails/spec/factories/actor.rb": {
        "lines": [
          1,
          1,
          20,
          20,
          20,
          null,
          null
        ]
      },
      "/Users/matthewholmes/turing/mod_2/projects/relational_rails/app/models/actor.rb": {
        "lines": [
          1,
          1,
          null,
          1,
          3,
          null,
          null
        ]
      },
      "/Users/matthewholmes/turing/mod_2/projects/relational_rails/app/models/application_record.rb": {
        "lines": [
          1,
          1,
          null
        ]
      },
      "/Users/matthewholmes/turing/mod_2/projects/relational_rails/spec/factories/artist.rb": {
        "lines": [
          1,
          1,
          20,
          20,
          20,
          null,
          null,
          null
        ]
      },
      "/Users/matthewholmes/turing/mod_2/projects/relational_rails/app/models/artist.rb": {
        "lines": [
          1,
          1,
          null,
          1,
          3,
          null,
          null
        ]
      },
      "/Users/matthewholmes/turing/mod_2/projects/relational_rails/spec/factories/movie.rb": {
        "lines": [
          1,
          1,
          14,
          14,
          14,
          1,
          null,
          null
        ]
      },
      "/Users/matthewholmes/turing/mod_2/projects/relational_rails/spec/factories/song.rb": {
        "lines": [
          1,
          1,
          14,
          14,
          14,
          1,
          null,
          null
        ]
      },
      "/Users/matthewholmes/turing/mod_2/projects/relational_rails/app/models/song.rb": {
        "lines": [
          1,
          1,
          null
        ]
      },
      "/Users/matthewholmes/turing/mod_2/projects/relational_rails/config/routes.rb": {
        "lines": [
          1,
          null,
          1,
          null,
          1,
          1,
          1,
          1,
          1,
          null,
          null,
          null,
          1,
          1,
          null,
          1,
          1,
          1,
          1,
          1,
          null,
          1,
          null,
          1,
          1,
          1,
          1,
          1,
          null,
          1,
          1,
          1,
          1,
          1,
          1,
          null,
          null,
          null,
          null,
          null
        ]
      },
      "/Users/matthewholmes/turing/mod_2/projects/relational_rails/app/helpers/actormovies_helper.rb": {
        "lines": [
          1,
          null
        ]
      },
      "/Users/matthewholmes/turing/mod_2/projects/relational_rails/app/helpers/application_helper.rb": {
        "lines": [
          1,
          null
        ]
      },
      "/Users/matthewholmes/turing/mod_2/projects/relational_rails/app/helpers/artists_songs_helper.rb": {
        "lines": [
          1,
          null
        ]
      },
      "/Users/matthewholmes/turing/mod_2/projects/relational_rails/app/helpers/artistsongs_helper.rb": {
        "lines": [
          1,
          null
        ]
      },
      "/Users/matthewholmes/turing/mod_2/projects/relational_rails/app/helpers/home_helper.rb": {
        "lines": [
          1,
          null
        ]
      },
      "/Users/matthewholmes/turing/mod_2/projects/relational_rails/spec/features/actors/edit_spec.rb": {
        "lines": [
          1,
          null,
          1,
          1,
          null,
          1,
          null,
          1,
          1,
          null,
          1,
          1,
          1,
          null,
          1,
          null,
          1,
          1,
          null,
          null,
          null
        ]
      },
      "/Users/matthewholmes/turing/mod_2/projects/relational_rails/spec/features/actors/index_spec.rb": {
        "lines": [
          1,
          null,
          1,
          null,
          null,
          null,
          1,
          1,
          1,
          1,
          null,
          1,
          null,
          1,
          null,
          1,
          1,
          1,
          null,
          null,
          1,
          0,
          0,
          0,
          null,
          null,
          0,
          null,
          null,
          null,
          null,
          null,
          null,
          null,
          null,
          1,
          1,
          null,
          1,
          null,
          1,
          1,
          1,
          0,
          null,
          null
        ]
      },
      "/Users/matthewholmes/turing/mod_2/projects/relational_rails/spec/features/actors/new_spec.rb": {
        "lines": [
          1,
          null,
          1,
          1,
          null,
          1,
          1,
          null,
          1,
          1,
          1,
          null,
          1,
          null,
          1,
          1,
          null,
          null,
          null
        ]
      },
      "/Users/matthewholmes/turing/mod_2/projects/relational_rails/spec/features/actors/show_spec.rb": {
        "lines": [
          1,
          null,
          1,
          null,
          1,
          1,
          null,
          1,
          null,
          1,
          1,
          1,
          1,
          null,
          null
        ]
      },
      "/Users/matthewholmes/turing/mod_2/projects/relational_rails/spec/features/artists/edit_spec.rb": {
        "lines": [
          1,
          null,
          1,
          1,
          null,
          1,
          null,
          1,
          1,
          null,
          1,
          1,
          1,
          null,
          1,
          null,
          1,
          1,
          null,
          null,
          null
        ]
      },
      "/Users/matthewholmes/turing/mod_2/projects/relational_rails/spec/features/artists/index_spec.rb": {
        "lines": [
          1,
          null,
          1,
          1,
          1,
          1,
          1,
          null,
          1,
          null,
          1,
          null,
          1,
          1,
          1,
          null,
          null,
          1,
          1,
          null,
          1,
          null,
          1,
          1,
          1,
          0,
          null,
          null
        ]
      },
      "/Users/matthewholmes/turing/mod_2/projects/relational_rails/spec/features/artists/new_spec.rb": {
        "lines": [
          1,
          null,
          1,
          1,
          null,
          1,
          1,
          null,
          1,
          1,
          1,
          null,
          1,
          null,
          null,
          1,
          1,
          null,
          null,
          null
        ]
      },
      "/Users/matthewholmes/turing/mod_2/projects/relational_rails/spec/features/artists/show_spec.rb": {
        "lines": [
          1,
          null,
          1,
          null,
          1,
          1,
          null,
          1,
          null,
          1,
          1,
          1,
          1,
          null,
          null
        ]
      },
      "/Users/matthewholmes/turing/mod_2/projects/relational_rails/spec/features/artistsongs/artistsongs_spec.rb": {
        "lines": [
          1,
          null,
          1,
          null,
          1,
          null,
          1,
          1,
          null,
          1,
          null,
          1,
          1,
          1,
          1,
          null,
          null,
          null
        ]
      },
      "/Users/matthewholmes/turing/mod_2/projects/relational_rails/spec/features/movies/edit_spec.rb": {
        "lines": [
          1,
          null,
          1,
          1,
          null,
          1,
          null,
          1,
          1,
          null,
          1,
          1,
          1,
          null,
          1,
          null,
          1,
          1,
          null,
          null,
          null
        ]
      },
      "/Users/matthewholmes/turing/mod_2/projects/relational_rails/spec/features/movies/index_spec.rb": {
        "lines": [
          1,
          null,
          1,
          1,
          null,
          1,
          1,
          1,
          null,
          1,
          null,
          1,
          null,
          1,
          1,
          1,
          null,
          null
        ]
      },
      "/Users/matthewholmes/turing/mod_2/projects/relational_rails/spec/features/movies/new_spec.rb": {
        "lines": [
          1,
          null,
          1,
          1,
          null,
          1,
          0,
          null,
          0,
          0,
          0,
          null,
          0,
          null,
          0,
          0,
          null,
          null,
          null
        ]
      },
      "/Users/matthewholmes/turing/mod_2/projects/relational_rails/spec/features/movies/show_spec.rb": {
        "lines": [
          1,
          null,
          1,
          null,
          1,
          1,
          null,
          1,
          null,
          1,
          1,
          1,
          1,
          null,
          null,
          1,
          1,
          1,
          1,
          1,
          1,
          1,
          1,
          null,
          1,
          1,
          null,
          null
        ]
      },
      "/Users/matthewholmes/turing/mod_2/projects/relational_rails/spec/features/songs/edit_spec.rb": {
        "lines": [
          1,
          null,
          1,
          1,
          null,
          1,
          null,
          1,
          1,
          null,
          1,
          1,
          1,
          null,
          1,
          null,
          1,
          1,
          null,
          null,
          null
        ]
      },
      "/Users/matthewholmes/turing/mod_2/projects/relational_rails/spec/features/songs/index_spec.rb": {
        "lines": [
          1,
          null,
          1,
          1,
          1,
          1,
          1,
          null,
          1,
          null,
          1,
          null,
          1,
          1,
          1,
          null,
          null
        ]
      },
      "/Users/matthewholmes/turing/mod_2/projects/relational_rails/spec/features/songs/new_spec.rb": {
        "lines": [
          1,
          null,
          1,
          1,
          null,
          1,
          0,
          null,
          0,
          0,
          0,
          null,
          0,
          null,
          0,
          0,
          null,
          null,
          null
        ]
      },
      "/Users/matthewholmes/turing/mod_2/projects/relational_rails/spec/features/songs/show_spec.rb": {
        "lines": [
          1,
          null,
          1,
          null,
          1,
          1,
          null,
          1,
          null,
          1,
          1,
          1,
          1,
          null,
          null,
          1,
          1,
          1,
          1,
          1,
          1,
          1,
          1,
          null,
          1,
          1,
          null,
          null
        ]
      },
      "/Users/matthewholmes/turing/mod_2/projects/relational_rails/app/models/movie.rb": {
        "lines": [
          1,
          null,
          1,
          null,
          null,
          null,
          1,
          null
        ]
      },
      "/Users/matthewholmes/turing/mod_2/projects/relational_rails/app/controllers/actormovies_controller.rb": {
        "lines": [
          1,
          1,
          1,
          null,
          null
        ]
      },
      "/Users/matthewholmes/turing/mod_2/projects/relational_rails/app/controllers/application_controller.rb": {
        "lines": [
          1,
          null
        ]
      },
      "/Users/matthewholmes/turing/mod_2/projects/relational_rails/app/controllers/actors_controller.rb": {
        "lines": [
          1,
          null,
          1,
          2,
          null,
          null,
          1,
          3,
          null,
          null,
          1,
          1,
          null,
          null,
          1,
          1,
          null,
          null,
          1,
          1,
          1,
          1,
          null,
          null,
          1,
          1,
          null,
          1,
          1,
          null,
          0,
          null,
          null,
          null,
          1,
          0,
          0,
          0,
          null,
          null,
          1,
          1,
          2,
          null,
          null
        ]
      },
      "/Users/matthewholmes/turing/mod_2/projects/relational_rails/app/controllers/artists_controller.rb": {
        "lines": [
          1,
          null,
          1,
          2,
          null,
          null,
          1,
          3,
          null,
          null,
          1,
          1,
          null,
          null,
          1,
          1,
          null,
          null,
          1,
          1,
          1,
          1,
          null,
          null,
          1,
          1,
          null,
          1,
          1,
          null,
          0,
          null,
          null,
          null,
          1,
          0,
          0,
          0,
          null,
          null,
          1,
          1,
          2,
          null,
          null
        ]
      },
      "/Users/matthewholmes/turing/mod_2/projects/relational_rails/app/controllers/artistsongs_controller.rb": {
        "lines": [
          1,
          1,
          1,
          null,
          null
        ]
      },
      "/Users/matthewholmes/turing/mod_2/projects/relational_rails/app/controllers/movies_controller.rb": {
        "lines": [
          1,
          null,
          1,
          2,
          null,
          null,
          1,
          3,
          null,
          null,
          1,
          0,
          null,
          null,
          1,
          1,
          null,
          null,
          1,
          1,
          1,
          1,
          null,
          null,
          1,
          0,
          0,
          0,
          0,
          0,
          null,
          0,
          null,
          null,
          null,
          1,
          0,
          0,
          0,
          null,
          null,
          1,
          1,
          1,
          null,
          null
        ]
      },
      "/Users/matthewholmes/turing/mod_2/projects/relational_rails/app/controllers/songs_controller.rb": {
        "lines": [
          1,
          1,
          2,
          null,
          null,
          1,
          2,
          null,
          null,
          1,
          1,
          0,
          null,
          null,
          1,
          1,
          null,
          null,
          1,
          1,
          1,
          1,
          null,
          null,
          1,
          0,
          0,
          null,
          0,
          0,
          null,
          0,
          null,
          null,
          null,
          1,
          0,
          0,
          0,
          null,
          null,
          1,
          1,
          1,
          null,
          null
        ]
      }
    },
    "timestamp": 1630542030
  }
}
